2023-09-26 11:39:33,479:WARNING:/Users/kinash/Python/okbot/venv/lib/python3.9/site-packages/urllib3/__init__.py:34: NotOpenSSLWarning: urllib3 v2.0 only supports OpenSSL 1.1.1+, currently the 'ssl' module is compiled with 'LibreSSL 2.8.3'. See: https://github.com/urllib3/urllib3/issues/3020
  warnings.warn(

2023-09-26 11:39:37,211:WARNING:
'cuml' is a soft dependency and not included in the pycaret installation. Please run: `pip install cuml` to install.
2023-09-26 11:39:37,211:WARNING:
'cuml' is a soft dependency and not included in the pycaret installation. Please run: `pip install cuml` to install.
2023-09-26 11:39:37,211:WARNING:
'cuml' is a soft dependency and not included in the pycaret installation. Please run: `pip install cuml` to install.
2023-09-26 11:39:37,211:WARNING:
'cuml' is a soft dependency and not included in the pycaret installation. Please run: `pip install cuml` to install.
2023-09-26 11:39:38,388:INFO:PyCaret RegressionExperiment
2023-09-26 11:39:38,388:INFO:Logging name: reg-default-name
2023-09-26 11:39:38,388:INFO:ML Usecase: MLUsecase.REGRESSION
2023-09-26 11:39:38,388:INFO:version 3.1.0
2023-09-26 11:39:38,388:INFO:Initializing setup()
2023-09-26 11:39:38,388:INFO:self.USI: 0b00
2023-09-26 11:39:38,388:INFO:self._variable_keys: {'exp_name_log', 'exp_id', 'y_test', 'target_param', 'logging_param', '_available_plots', 'pipeline', 'seed', 'idx', 'gpu_param', 'memory', 'X_test', 'y', 'USI', 'X', 'fold_shuffle_param', 'data', 'gpu_n_jobs_param', 'fold_groups_param', 'transform_target_param', 'n_jobs_param', 'html_param', 'X_train', 'y_train', 'log_plots_param', '_ml_usecase', 'fold_generator'}
2023-09-26 11:39:38,388:INFO:Checking environment
2023-09-26 11:39:38,388:INFO:python_version: 3.9.6
2023-09-26 11:39:38,388:INFO:python_build: ('default', 'May  7 2023 23:32:45')
2023-09-26 11:39:38,388:INFO:machine: x86_64
2023-09-26 11:39:38,418:INFO:platform: macOS-13.4.1-x86_64-i386-64bit
2023-09-26 11:39:38,418:INFO:Memory: svmem(total=34359738368, available=13460123648, percent=60.8, used=17633038336, free=1219096576, active=11885842432, inactive=10692833280, wired=5747195904)
2023-09-26 11:39:38,418:INFO:Physical Core: 6
2023-09-26 11:39:38,419:INFO:Logical Core: 12
2023-09-26 11:39:38,419:INFO:Checking libraries
2023-09-26 11:39:38,419:INFO:System:
2023-09-26 11:39:38,419:INFO:    python: 3.9.6 (default, May  7 2023, 23:32:45)  [Clang 14.0.3 (clang-1403.0.22.14.1)]
2023-09-26 11:39:38,419:INFO:executable: /Users/kinash/Python/okbot/venv/bin/python
2023-09-26 11:39:38,419:INFO:   machine: macOS-13.4.1-x86_64-i386-64bit
2023-09-26 11:39:38,419:INFO:PyCaret required dependencies:
2023-09-26 11:40:15,293:WARNING:/Users/kinash/Python/okbot/venv/lib/python3.9/site-packages/urllib3/__init__.py:34: NotOpenSSLWarning: urllib3 v2.0 only supports OpenSSL 1.1.1+, currently the 'ssl' module is compiled with 'LibreSSL 2.8.3'. See: https://github.com/urllib3/urllib3/issues/3020
  warnings.warn(

2023-09-26 11:40:17,345:WARNING:
'cuml' is a soft dependency and not included in the pycaret installation. Please run: `pip install cuml` to install.
2023-09-26 11:40:17,345:WARNING:
'cuml' is a soft dependency and not included in the pycaret installation. Please run: `pip install cuml` to install.
2023-09-26 11:40:17,345:WARNING:
'cuml' is a soft dependency and not included in the pycaret installation. Please run: `pip install cuml` to install.
2023-09-26 11:40:17,345:WARNING:
'cuml' is a soft dependency and not included in the pycaret installation. Please run: `pip install cuml` to install.
2023-09-26 11:40:17,715:INFO:PyCaret RegressionExperiment
2023-09-26 11:40:17,716:INFO:Logging name: reg-default-name
2023-09-26 11:40:17,716:INFO:ML Usecase: MLUsecase.REGRESSION
2023-09-26 11:40:17,716:INFO:version 3.1.0
2023-09-26 11:40:17,716:INFO:Initializing setup()
2023-09-26 11:40:17,716:INFO:self.USI: a227
2023-09-26 11:40:17,716:INFO:self._variable_keys: {'data', 'exp_name_log', 'seed', 'n_jobs_param', 'log_plots_param', 'X_train', 'logging_param', 'exp_id', 'fold_groups_param', 'y', 'memory', 'X', 'gpu_n_jobs_param', 'pipeline', 'gpu_param', 'html_param', 'X_test', '_ml_usecase', 'fold_generator', 'y_train', '_available_plots', 'y_test', 'target_param', 'idx', 'transform_target_param', 'USI', 'fold_shuffle_param'}
2023-09-26 11:40:17,716:INFO:Checking environment
2023-09-26 11:40:17,716:INFO:python_version: 3.9.6
2023-09-26 11:40:17,716:INFO:python_build: ('default', 'May  7 2023 23:32:45')
2023-09-26 11:40:17,716:INFO:machine: x86_64
2023-09-26 11:40:17,744:INFO:platform: macOS-13.4.1-x86_64-i386-64bit
2023-09-26 11:40:17,745:INFO:Memory: svmem(total=34359738368, available=13090078720, percent=61.9, used=18005229568, free=850894848, active=12242010112, inactive=10695999488, wired=5763219456)
2023-09-26 11:40:17,745:INFO:Physical Core: 6
2023-09-26 11:40:17,746:INFO:Logical Core: 12
2023-09-26 11:40:17,746:INFO:Checking libraries
2023-09-26 11:40:17,746:INFO:System:
2023-09-26 11:40:17,746:INFO:    python: 3.9.6 (default, May  7 2023, 23:32:45)  [Clang 14.0.3 (clang-1403.0.22.14.1)]
2023-09-26 11:40:17,746:INFO:executable: /Users/kinash/Python/okbot/venv/bin/python
2023-09-26 11:40:17,746:INFO:   machine: macOS-13.4.1-x86_64-i386-64bit
2023-09-26 11:40:17,746:INFO:PyCaret required dependencies:
2023-09-26 11:40:34,928:WARNING:/Users/kinash/Python/okbot/venv/lib/python3.9/site-packages/urllib3/__init__.py:34: NotOpenSSLWarning: urllib3 v2.0 only supports OpenSSL 1.1.1+, currently the 'ssl' module is compiled with 'LibreSSL 2.8.3'. See: https://github.com/urllib3/urllib3/issues/3020
  warnings.warn(

2023-09-26 11:40:37,064:WARNING:
'cuml' is a soft dependency and not included in the pycaret installation. Please run: `pip install cuml` to install.
2023-09-26 11:40:37,064:WARNING:
'cuml' is a soft dependency and not included in the pycaret installation. Please run: `pip install cuml` to install.
2023-09-26 11:40:37,064:WARNING:
'cuml' is a soft dependency and not included in the pycaret installation. Please run: `pip install cuml` to install.
2023-09-26 11:40:37,065:WARNING:
'cuml' is a soft dependency and not included in the pycaret installation. Please run: `pip install cuml` to install.
2023-09-26 11:40:53,745:WARNING:/Users/kinash/Python/okbot/venv/lib/python3.9/site-packages/urllib3/__init__.py:34: NotOpenSSLWarning: urllib3 v2.0 only supports OpenSSL 1.1.1+, currently the 'ssl' module is compiled with 'LibreSSL 2.8.3'. See: https://github.com/urllib3/urllib3/issues/3020
  warnings.warn(

2023-09-26 11:40:55,869:WARNING:
'cuml' is a soft dependency and not included in the pycaret installation. Please run: `pip install cuml` to install.
2023-09-26 11:40:55,869:WARNING:
'cuml' is a soft dependency and not included in the pycaret installation. Please run: `pip install cuml` to install.
2023-09-26 11:40:55,869:WARNING:
'cuml' is a soft dependency and not included in the pycaret installation. Please run: `pip install cuml` to install.
2023-09-26 11:40:55,869:WARNING:
'cuml' is a soft dependency and not included in the pycaret installation. Please run: `pip install cuml` to install.
2023-09-26 11:40:56,276:INFO:PyCaret RegressionExperiment
2023-09-26 11:40:56,297:INFO:Logging name: reg-default-name
2023-09-26 11:40:56,298:INFO:ML Usecase: MLUsecase.REGRESSION
2023-09-26 11:40:56,298:INFO:version 3.1.0
2023-09-26 11:40:56,298:INFO:Initializing setup()
2023-09-26 11:40:56,298:INFO:self.USI: a878
2023-09-26 11:40:56,298:INFO:self._variable_keys: {'y', 'idx', 'gpu_n_jobs_param', 'y_test', 'memory', 'logging_param', 'log_plots_param', '_available_plots', 'fold_generator', 'USI', 'target_param', 'fold_groups_param', 'exp_id', 'X_test', 'gpu_param', 'fold_shuffle_param', 'data', 'pipeline', 'y_train', 'exp_name_log', 'html_param', 'X', 'X_train', '_ml_usecase', 'seed', 'transform_target_param', 'n_jobs_param'}
2023-09-26 11:40:56,298:INFO:Checking environment
2023-09-26 11:40:56,298:INFO:python_version: 3.9.6
2023-09-26 11:40:56,298:INFO:python_build: ('default', 'May  7 2023 23:32:45')
2023-09-26 11:40:56,298:INFO:machine: x86_64
2023-09-26 11:40:56,327:INFO:platform: macOS-13.4.1-x86_64-i386-64bit
2023-09-26 11:40:56,327:INFO:Memory: svmem(total=34359738368, available=13156667392, percent=61.7, used=17938132992, free=826773504, active=12371333120, inactive=10786623488, wired=5566799872)
2023-09-26 11:40:56,328:INFO:Physical Core: 6
2023-09-26 11:40:56,328:INFO:Logical Core: 12
2023-09-26 11:40:56,328:INFO:Checking libraries
2023-09-26 11:40:56,328:INFO:System:
2023-09-26 11:40:56,328:INFO:    python: 3.9.6 (default, May  7 2023, 23:32:45)  [Clang 14.0.3 (clang-1403.0.22.14.1)]
2023-09-26 11:40:56,328:INFO:executable: /Users/kinash/Python/okbot/venv/bin/python
2023-09-26 11:40:56,328:INFO:   machine: macOS-13.4.1-x86_64-i386-64bit
2023-09-26 11:40:56,328:INFO:PyCaret required dependencies:
2023-09-26 11:42:24,867:WARNING:/Users/kinash/Python/okbot/venv/lib/python3.9/site-packages/urllib3/__init__.py:34: NotOpenSSLWarning: urllib3 v2.0 only supports OpenSSL 1.1.1+, currently the 'ssl' module is compiled with 'LibreSSL 2.8.3'. See: https://github.com/urllib3/urllib3/issues/3020
  warnings.warn(

2023-09-26 11:42:27,086:WARNING:
'cuml' is a soft dependency and not included in the pycaret installation. Please run: `pip install cuml` to install.
2023-09-26 11:42:27,087:WARNING:
'cuml' is a soft dependency and not included in the pycaret installation. Please run: `pip install cuml` to install.
2023-09-26 11:42:27,087:WARNING:
'cuml' is a soft dependency and not included in the pycaret installation. Please run: `pip install cuml` to install.
2023-09-26 11:42:27,087:WARNING:
'cuml' is a soft dependency and not included in the pycaret installation. Please run: `pip install cuml` to install.
2023-09-26 11:42:27,519:INFO:PyCaret RegressionExperiment
2023-09-26 11:42:27,519:INFO:Logging name: reg-default-name
2023-09-26 11:42:27,519:INFO:ML Usecase: MLUsecase.REGRESSION
2023-09-26 11:42:27,519:INFO:version 3.1.0
2023-09-26 11:42:27,519:INFO:Initializing setup()
2023-09-26 11:42:27,519:INFO:self.USI: 6157
2023-09-26 11:42:27,519:INFO:self._variable_keys: {'idx', 'seed', 'log_plots_param', 'fold_generator', 'logging_param', 'X', 'target_param', '_available_plots', 'n_jobs_param', 'fold_groups_param', 'X_train', 'gpu_param', 'y_train', 'html_param', 'exp_name_log', 'exp_id', 'gpu_n_jobs_param', 'transform_target_param', 'memory', 'data', 'USI', '_ml_usecase', 'X_test', 'pipeline', 'y_test', 'y', 'fold_shuffle_param'}
2023-09-26 11:42:27,519:INFO:Checking environment
2023-09-26 11:42:27,519:INFO:python_version: 3.9.6
2023-09-26 11:42:27,519:INFO:python_build: ('default', 'May  7 2023 23:32:45')
2023-09-26 11:42:27,519:INFO:machine: x86_64
2023-09-26 11:42:27,547:INFO:platform: macOS-13.4.1-x86_64-i386-64bit
2023-09-26 11:42:27,547:INFO:Memory: svmem(total=34359738368, available=13260845056, percent=61.4, used=17920688128, free=1024323584, active=12241563648, inactive=10695544832, wired=5679124480)
2023-09-26 11:42:27,548:INFO:Physical Core: 6
2023-09-26 11:42:27,548:INFO:Logical Core: 12
2023-09-26 11:42:27,548:INFO:Checking libraries
2023-09-26 11:42:27,548:INFO:System:
2023-09-26 11:42:27,548:INFO:    python: 3.9.6 (default, May  7 2023, 23:32:45)  [Clang 14.0.3 (clang-1403.0.22.14.1)]
2023-09-26 11:42:27,548:INFO:executable: /Users/kinash/Python/okbot/venv/bin/python
2023-09-26 11:42:27,548:INFO:   machine: macOS-13.4.1-x86_64-i386-64bit
2023-09-26 11:42:27,548:INFO:PyCaret required dependencies:
2023-09-26 11:45:43,556:WARNING:/Users/kinash/Python/okbot/venv/lib/python3.9/site-packages/urllib3/__init__.py:34: NotOpenSSLWarning: urllib3 v2.0 only supports OpenSSL 1.1.1+, currently the 'ssl' module is compiled with 'LibreSSL 2.8.3'. See: https://github.com/urllib3/urllib3/issues/3020
  warnings.warn(

2023-09-26 11:45:45,803:WARNING:
'cuml' is a soft dependency and not included in the pycaret installation. Please run: `pip install cuml` to install.
2023-09-26 11:45:45,803:WARNING:
'cuml' is a soft dependency and not included in the pycaret installation. Please run: `pip install cuml` to install.
2023-09-26 11:45:45,803:WARNING:
'cuml' is a soft dependency and not included in the pycaret installation. Please run: `pip install cuml` to install.
2023-09-26 11:45:45,803:WARNING:
'cuml' is a soft dependency and not included in the pycaret installation. Please run: `pip install cuml` to install.
2023-09-26 11:46:29,382:WARNING:/Users/kinash/Python/okbot/venv/lib/python3.9/site-packages/urllib3/__init__.py:34: NotOpenSSLWarning: urllib3 v2.0 only supports OpenSSL 1.1.1+, currently the 'ssl' module is compiled with 'LibreSSL 2.8.3'. See: https://github.com/urllib3/urllib3/issues/3020
  warnings.warn(

2023-09-26 11:46:31,339:WARNING:
'cuml' is a soft dependency and not included in the pycaret installation. Please run: `pip install cuml` to install.
2023-09-26 11:46:31,339:WARNING:
'cuml' is a soft dependency and not included in the pycaret installation. Please run: `pip install cuml` to install.
2023-09-26 11:46:31,340:WARNING:
'cuml' is a soft dependency and not included in the pycaret installation. Please run: `pip install cuml` to install.
2023-09-26 11:46:31,340:WARNING:
'cuml' is a soft dependency and not included in the pycaret installation. Please run: `pip install cuml` to install.
2023-09-26 11:52:27,313:WARNING:/Users/kinash/Python/okbot/venv/lib/python3.9/site-packages/urllib3/__init__.py:34: NotOpenSSLWarning: urllib3 v2.0 only supports OpenSSL 1.1.1+, currently the 'ssl' module is compiled with 'LibreSSL 2.8.3'. See: https://github.com/urllib3/urllib3/issues/3020
  warnings.warn(

2023-09-26 11:52:30,522:WARNING:
'cuml' is a soft dependency and not included in the pycaret installation. Please run: `pip install cuml` to install.
2023-09-26 11:52:30,522:WARNING:
'cuml' is a soft dependency and not included in the pycaret installation. Please run: `pip install cuml` to install.
2023-09-26 11:52:30,522:WARNING:
'cuml' is a soft dependency and not included in the pycaret installation. Please run: `pip install cuml` to install.
2023-09-26 11:52:30,522:WARNING:
'cuml' is a soft dependency and not included in the pycaret installation. Please run: `pip install cuml` to install.
2023-09-26 11:53:02,428:WARNING:/Users/kinash/Python/okbot/venv/lib/python3.9/site-packages/urllib3/__init__.py:34: NotOpenSSLWarning: urllib3 v2.0 only supports OpenSSL 1.1.1+, currently the 'ssl' module is compiled with 'LibreSSL 2.8.3'. See: https://github.com/urllib3/urllib3/issues/3020
  warnings.warn(

2023-09-26 11:53:04,526:WARNING:
'cuml' is a soft dependency and not included in the pycaret installation. Please run: `pip install cuml` to install.
2023-09-26 11:53:04,526:WARNING:
'cuml' is a soft dependency and not included in the pycaret installation. Please run: `pip install cuml` to install.
2023-09-26 11:53:04,526:WARNING:
'cuml' is a soft dependency and not included in the pycaret installation. Please run: `pip install cuml` to install.
2023-09-26 11:53:04,526:WARNING:
'cuml' is a soft dependency and not included in the pycaret installation. Please run: `pip install cuml` to install.
2023-09-26 11:53:22,010:WARNING:/Users/kinash/Python/okbot/venv/lib/python3.9/site-packages/urllib3/__init__.py:34: NotOpenSSLWarning: urllib3 v2.0 only supports OpenSSL 1.1.1+, currently the 'ssl' module is compiled with 'LibreSSL 2.8.3'. See: https://github.com/urllib3/urllib3/issues/3020
  warnings.warn(

2023-09-26 11:53:24,038:WARNING:
'cuml' is a soft dependency and not included in the pycaret installation. Please run: `pip install cuml` to install.
2023-09-26 11:53:24,038:WARNING:
'cuml' is a soft dependency and not included in the pycaret installation. Please run: `pip install cuml` to install.
2023-09-26 11:53:24,038:WARNING:
'cuml' is a soft dependency and not included in the pycaret installation. Please run: `pip install cuml` to install.
2023-09-26 11:53:24,038:WARNING:
'cuml' is a soft dependency and not included in the pycaret installation. Please run: `pip install cuml` to install.
2023-09-26 11:54:19,858:WARNING:/Users/kinash/Python/okbot/venv/lib/python3.9/site-packages/urllib3/__init__.py:34: NotOpenSSLWarning: urllib3 v2.0 only supports OpenSSL 1.1.1+, currently the 'ssl' module is compiled with 'LibreSSL 2.8.3'. See: https://github.com/urllib3/urllib3/issues/3020
  warnings.warn(

2023-09-26 11:54:21,784:WARNING:
'cuml' is a soft dependency and not included in the pycaret installation. Please run: `pip install cuml` to install.
2023-09-26 11:54:21,784:WARNING:
'cuml' is a soft dependency and not included in the pycaret installation. Please run: `pip install cuml` to install.
2023-09-26 11:54:21,785:WARNING:
'cuml' is a soft dependency and not included in the pycaret installation. Please run: `pip install cuml` to install.
2023-09-26 11:54:21,785:WARNING:
'cuml' is a soft dependency and not included in the pycaret installation. Please run: `pip install cuml` to install.
2023-09-26 11:56:25,568:WARNING:/Users/kinash/Python/okbot/venv/lib/python3.9/site-packages/urllib3/__init__.py:34: NotOpenSSLWarning: urllib3 v2.0 only supports OpenSSL 1.1.1+, currently the 'ssl' module is compiled with 'LibreSSL 2.8.3'. See: https://github.com/urllib3/urllib3/issues/3020
  warnings.warn(

2023-09-26 11:56:27,810:WARNING:
'cuml' is a soft dependency and not included in the pycaret installation. Please run: `pip install cuml` to install.
2023-09-26 11:56:27,811:WARNING:
'cuml' is a soft dependency and not included in the pycaret installation. Please run: `pip install cuml` to install.
2023-09-26 11:56:27,811:WARNING:
'cuml' is a soft dependency and not included in the pycaret installation. Please run: `pip install cuml` to install.
2023-09-26 11:56:27,811:WARNING:
'cuml' is a soft dependency and not included in the pycaret installation. Please run: `pip install cuml` to install.
2023-09-26 11:56:27,916:INFO:Initializing load_model()
2023-09-26 11:56:27,916:INFO:load_model(model_name=my_lr_api, platform=None, authentication=None, verbose=True)
2023-09-26 11:57:11,732:WARNING:/Users/kinash/Python/okbot/venv/lib/python3.9/site-packages/urllib3/__init__.py:34: NotOpenSSLWarning: urllib3 v2.0 only supports OpenSSL 1.1.1+, currently the 'ssl' module is compiled with 'LibreSSL 2.8.3'. See: https://github.com/urllib3/urllib3/issues/3020
  warnings.warn(

2023-09-26 11:57:13,675:WARNING:
'cuml' is a soft dependency and not included in the pycaret installation. Please run: `pip install cuml` to install.
2023-09-26 11:57:13,675:WARNING:
'cuml' is a soft dependency and not included in the pycaret installation. Please run: `pip install cuml` to install.
2023-09-26 11:57:13,675:WARNING:
'cuml' is a soft dependency and not included in the pycaret installation. Please run: `pip install cuml` to install.
2023-09-26 11:57:13,675:WARNING:
'cuml' is a soft dependency and not included in the pycaret installation. Please run: `pip install cuml` to install.
2023-09-26 11:57:13,790:INFO:Initializing load_model()
2023-09-26 11:57:13,790:INFO:load_model(model_name=saved_lr_model, platform=None, authentication=None, verbose=True)
2023-09-26 11:57:40,754:WARNING:/Users/kinash/Python/okbot/venv/lib/python3.9/site-packages/urllib3/__init__.py:34: NotOpenSSLWarning: urllib3 v2.0 only supports OpenSSL 1.1.1+, currently the 'ssl' module is compiled with 'LibreSSL 2.8.3'. See: https://github.com/urllib3/urllib3/issues/3020
  warnings.warn(

2023-09-26 11:57:42,793:WARNING:
'cuml' is a soft dependency and not included in the pycaret installation. Please run: `pip install cuml` to install.
2023-09-26 11:57:42,793:WARNING:
'cuml' is a soft dependency and not included in the pycaret installation. Please run: `pip install cuml` to install.
2023-09-26 11:57:42,793:WARNING:
'cuml' is a soft dependency and not included in the pycaret installation. Please run: `pip install cuml` to install.
2023-09-26 11:57:42,793:WARNING:
'cuml' is a soft dependency and not included in the pycaret installation. Please run: `pip install cuml` to install.
2023-09-26 11:57:42,898:INFO:Initializing load_model()
2023-09-26 11:57:42,898:INFO:load_model(model_name=, platform=None, authentication=None, verbose=True)
2023-09-26 11:58:20,860:WARNING:/Users/kinash/Python/okbot/venv/lib/python3.9/site-packages/urllib3/__init__.py:34: NotOpenSSLWarning: urllib3 v2.0 only supports OpenSSL 1.1.1+, currently the 'ssl' module is compiled with 'LibreSSL 2.8.3'. See: https://github.com/urllib3/urllib3/issues/3020
  warnings.warn(

2023-09-26 11:58:22,872:WARNING:
'cuml' is a soft dependency and not included in the pycaret installation. Please run: `pip install cuml` to install.
2023-09-26 11:58:22,872:WARNING:
'cuml' is a soft dependency and not included in the pycaret installation. Please run: `pip install cuml` to install.
2023-09-26 11:58:22,872:WARNING:
'cuml' is a soft dependency and not included in the pycaret installation. Please run: `pip install cuml` to install.
2023-09-26 11:58:22,872:WARNING:
'cuml' is a soft dependency and not included in the pycaret installation. Please run: `pip install cuml` to install.
2023-10-04 23:35:45,438:WARNING:/Users/kinash/Python/okbot/venv/lib/python3.9/site-packages/urllib3/__init__.py:34: NotOpenSSLWarning: urllib3 v2.0 only supports OpenSSL 1.1.1+, currently the 'ssl' module is compiled with 'LibreSSL 2.8.3'. See: https://github.com/urllib3/urllib3/issues/3020
  warnings.warn(

2023-10-04 23:36:12,085:WARNING:
'cuml' is a soft dependency and not included in the pycaret installation. Please run: `pip install cuml` to install.
2023-10-04 23:36:12,085:WARNING:
'cuml' is a soft dependency and not included in the pycaret installation. Please run: `pip install cuml` to install.
2023-10-04 23:36:12,085:WARNING:
'cuml' is a soft dependency and not included in the pycaret installation. Please run: `pip install cuml` to install.
2023-10-04 23:36:12,085:WARNING:
'cuml' is a soft dependency and not included in the pycaret installation. Please run: `pip install cuml` to install.
2023-10-11 17:38:19,954:WARNING:/Users/kinash/Python/okbot/venv/lib/python3.9/site-packages/urllib3/__init__.py:34: NotOpenSSLWarning: urllib3 v2.0 only supports OpenSSL 1.1.1+, currently the 'ssl' module is compiled with 'LibreSSL 2.8.3'. See: https://github.com/urllib3/urllib3/issues/3020
  warnings.warn(

2023-10-11 17:38:31,538:WARNING:
'cuml' is a soft dependency and not included in the pycaret installation. Please run: `pip install cuml` to install.
2023-10-11 17:38:31,538:WARNING:
'cuml' is a soft dependency and not included in the pycaret installation. Please run: `pip install cuml` to install.
2023-10-11 17:38:31,538:WARNING:
'cuml' is a soft dependency and not included in the pycaret installation. Please run: `pip install cuml` to install.
2023-10-11 17:38:31,538:WARNING:
'cuml' is a soft dependency and not included in the pycaret installation. Please run: `pip install cuml` to install.
